2026-06-29 19:53:24,168 INFO o.a.j.u.JMeterUtils: Setting Locale to en_EN
2026-06-29 19:53:24,190 INFO o.a.j.JMeter: Loading user properties from: /home/raquel/Tools/apache-jmeter-5.6.3/bin/user.properties
2026-06-29 19:53:24,190 INFO o.a.j.JMeter: Loading system properties from: /home/raquel/Tools/apache-jmeter-5.6.3/bin/system.properties
2026-06-29 19:53:24,190 INFO o.a.j.JMeter: Setting JMeter property: estrategia=VTConcurrentColect
2026-06-29 19:53:24,199 INFO o.a.j.JMeter: Copyright (c) 1998-2024 The Apache Software Foundation
2026-06-29 19:53:24,199 INFO o.a.j.JMeter: Version 5.6.3
2026-06-29 19:53:24,199 INFO o.a.j.JMeter: java.version=25.0.3
2026-06-29 19:53:24,199 INFO o.a.j.JMeter: java.vm.name=OpenJDK 64-Bit Server VM
2026-06-29 19:53:24,199 INFO o.a.j.JMeter: os.name=Linux
2026-06-29 19:53:24,200 INFO o.a.j.JMeter: os.arch=amd64
2026-06-29 19:53:24,200 INFO o.a.j.JMeter: os.version=6.17.0-35-generic
2026-06-29 19:53:24,200 INFO o.a.j.JMeter: file.encoding=UTF-8
2026-06-29 19:53:24,200 INFO o.a.j.JMeter: java.awt.headless=true
2026-06-29 19:53:24,200 INFO o.a.j.JMeter: Max memory     =1073741824
2026-06-29 19:53:24,200 INFO o.a.j.JMeter: Available Processors =16
2026-06-29 19:53:24,222 INFO o.a.j.JMeter: Default Locale=English (EN)
2026-06-29 19:53:24,223 INFO o.a.j.JMeter: JMeter  Locale=English (EN)
2026-06-29 19:53:24,224 INFO o.a.j.JMeter: JMeterHome=/home/raquel/Tools/apache-jmeter-5.6.3
2026-06-29 19:53:24,224 INFO o.a.j.JMeter: user.dir  =/home/raquel/git/prog-concorrente/BestMatching/best-matching-java
2026-06-29 19:53:24,224 INFO o.a.j.JMeter: PWD       =/home/raquel/git/prog-concorrente/BestMatching/best-matching-java
2026-06-29 19:53:24,224 INFO o.a.j.JMeter: IP: 127.0.1.1 Name: raquel-Aspire-A515-45 FullName: raquel-Aspire-A515-45
2026-06-29 19:53:24,242 INFO o.a.j.s.FileServer: Default base='/home/raquel/git/prog-concorrente/BestMatching/best-matching-java'
2026-06-29 19:53:24,243 INFO o.a.j.s.FileServer: Set new base='/home/raquel/git/prog-concorrente/BestMatching'
2026-06-29 19:53:24,637 INFO o.a.j.s.SaveService: Testplan (JMX) version: 2.2. Testlog (JTL) version: 2.2
2026-06-29 19:53:24,672 INFO o.a.j.s.SaveService: Using SaveService properties version 5.0
2026-06-29 19:53:24,677 INFO o.a.j.s.SaveService: Using SaveService properties file encoding UTF-8
2026-06-29 19:53:24,685 INFO o.a.j.s.SaveService: Loading file: /home/raquel/git/prog-concorrente/BestMatching/best-matching-requests.jmx
2026-06-29 19:53:24,842 INFO o.a.j.JMeter: Creating summariser <summary>
2026-06-29 19:53:24,866 INFO o.a.j.e.StandardJMeterEngine: Running the test!
2026-06-29 19:53:24,868 INFO o.a.j.s.SampleEvent: List of sample_variables: []
2026-06-29 19:53:24,868 INFO o.a.j.s.SampleEvent: List of sample_variables: []
2026-06-29 19:53:24,883 INFO o.a.j.e.u.CompoundVariable: Note: Function class names must contain the string: '.functions.'
2026-06-29 19:53:24,883 INFO o.a.j.e.u.CompoundVariable: Note: Function class names must not contain the string: '.gui.'
2026-06-29 19:53:25,028 INFO o.a.j.r.ClassFinder: Will scan jar /home/raquel/Tools/apache-jmeter-5.6.3/lib/ext/jmeter-plugins-graphs-basic-2.0.jar with filter ExtendsClassFilter [parents=[interface org.apache.jmeter.functions.Function], inner=false, contains=null, notContains=null]. Consider exposing JMeter plugins via META-INF/services, and add JMeter-Skip-Class-Scanning=true manifest attribute so JMeter can skip classfile scanning
2026-06-29 19:53:25,041 INFO o.a.j.r.ClassFinder: Will scan jar /home/raquel/Tools/apache-jmeter-5.6.3/lib/ext/jmeter-plugins-graphs-additional-2.0.jar with filter ExtendsClassFilter [parents=[interface org.apache.jmeter.functions.Function], inner=false, contains=null, notContains=null]. Consider exposing JMeter plugins via META-INF/services, and add JMeter-Skip-Class-Scanning=true manifest attribute so JMeter can skip classfile scanning
2026-06-29 19:53:25,048 INFO o.a.j.r.ClassFinder: Will scan jar /home/raquel/Tools/apache-jmeter-5.6.3/lib/ext/jmeter-plugins-udp-0.4.jar with filter ExtendsClassFilter [parents=[interface org.apache.jmeter.functions.Function], inner=false, contains=null, notContains=null]. Consider exposing JMeter plugins via META-INF/services, and add JMeter-Skip-Class-Scanning=true manifest attribute so JMeter can skip classfile scanning
2026-06-29 19:53:25,061 INFO o.a.j.r.ClassFinder: Will scan jar /home/raquel/Tools/apache-jmeter-5.6.3/lib/ext/jmeter-grpc-request.jar with filter ExtendsClassFilter [parents=[interface org.apache.jmeter.functions.Function], inner=false, contains=null, notContains=null]. Consider exposing JMeter plugins via META-INF/services, and add JMeter-Skip-Class-Scanning=true manifest attribute so JMeter can skip classfile scanning
2026-06-29 19:53:25,751 INFO o.a.j.r.ClassFinder: Will scan jar /home/raquel/Tools/apache-jmeter-5.6.3/lib/ext/best-matching-java-1.0-SNAPSHOT.jar with filter ExtendsClassFilter [parents=[interface org.apache.jmeter.functions.Function], inner=false, contains=null, notContains=null]. Consider exposing JMeter plugins via META-INF/services, and add JMeter-Skip-Class-Scanning=true manifest attribute so JMeter can skip classfile scanning
2026-06-29 19:53:25,786 INFO o.a.j.r.ClassFinder: Will scan jar /home/raquel/Tools/apache-jmeter-5.6.3/lib/ext/jmeter-plugins-casutg-3.1.1.jar with filter ExtendsClassFilter [parents=[interface org.apache.jmeter.functions.Function], inner=false, contains=null, notContains=null]. Consider exposing JMeter plugins via META-INF/services, and add JMeter-Skip-Class-Scanning=true manifest attribute so JMeter can skip classfile scanning
2026-06-29 19:53:25,804 INFO o.a.j.r.ClassFinder: Will scan jar /home/raquel/Tools/apache-jmeter-5.6.3/lib/ext/jmeter-plugins-csl-0.1.jar with filter ExtendsClassFilter [parents=[interface org.apache.jmeter.functions.Function], inner=false, contains=null, notContains=null]. Consider exposing JMeter plugins via META-INF/services, and add JMeter-Skip-Class-Scanning=true manifest attribute so JMeter can skip classfile scanning
2026-06-29 19:53:25,808 INFO o.a.j.r.ClassFinder: Will scan jar /home/raquel/Tools/apache-jmeter-5.6.3/lib/ext/jmeter-plugins-manager.jar with filter ExtendsClassFilter [parents=[interface org.apache.jmeter.functions.Function], inner=false, contains=null, notContains=null]. Consider exposing JMeter plugins via META-INF/services, and add JMeter-Skip-Class-Scanning=true manifest attribute so JMeter can skip classfile scanning
2026-06-29 19:53:25,908 INFO o.a.j.r.ClassFinder: Will scan jar /home/raquel/Tools/apache-jmeter-5.6.3/lib/ext/jmeter-plugins-autostop-0.3.jar with filter ExtendsClassFilter [parents=[interface org.apache.jmeter.functions.Function], inner=false, contains=null, notContains=null]. Consider exposing JMeter plugins via META-INF/services, and add JMeter-Skip-Class-Scanning=true manifest attribute so JMeter can skip classfile scanning
2026-06-29 19:53:25,922 INFO o.a.j.p.j.s.JavaSampler: Created class: imd.ufrn.jmeter.BestMatchingSampler. Uses tearDownTest: 
2026-06-29 19:53:25,936 INFO o.a.j.JMeter: Running test (1782773605936)
2026-06-29 19:53:26,016 INFO o.a.j.e.StandardJMeterEngine: Starting ThreadGroup: 1 : Thread Group BM
2026-06-29 19:53:26,016 INFO o.a.j.e.StandardJMeterEngine: Starting 90 threads for group Thread Group BM.
2026-06-29 19:53:26,016 INFO o.a.j.e.StandardJMeterEngine: Thread will continue on error
2026-06-29 19:53:26,017 INFO o.a.j.t.ThreadGroup: Starting thread group... number=1 threads=90 ramp-up=10 delayedStart=false
2026-06-29 19:53:26,027 INFO o.a.j.t.JMeterThread: Thread started: Thread Group BM 1-1
2026-06-29 19:53:26,091 INFO o.a.j.t.ThreadGroup: Started thread group number 1
2026-06-29 19:53:26,091 INFO o.a.j.e.StandardJMeterEngine: All thread groups have been started
2026-06-29 19:53:26,134 INFO o.a.j.t.JMeterThread: Thread started: Thread Group BM 1-2
2026-06-29 19:53:26,244 INFO o.a.j.t.JMeterThread: Thread started: Thread Group BM 1-3
2026-06-29 19:53:26,354 INFO o.a.j.t.JMeterThread: Thread started: Thread Group BM 1-4
2026-06-29 19:53:26,383 INFO o.a.j.s.SampleResult: Note: Sample TimeStamps are START times
2026-06-29 19:53:26,384 INFO o.a.j.s.SampleResult: sampleresult.default.encoding is set to UTF-8
2026-06-29 19:53:26,384 INFO o.a.j.s.SampleResult: sampleresult.useNanoTime=true
2026-06-29 19:53:26,384 INFO o.a.j.s.SampleResult: sampleresult.nanoThreadSleep=5000
2026-06-29 19:53:26,464 INFO o.a.j.t.JMeterThread: Thread started: Thread Group BM 1-5
2026-06-29 19:53:26,574 INFO o.a.j.t.JMeterThread: Thread started: Thread Group BM 1-6
2026-06-29 19:53:26,685 INFO o.a.j.t.JMeterThread: Thread started: Thread Group BM 1-7
2026-06-29 19:53:26,910 INFO o.a.j.t.JMeterThread: Thread started: Thread Group BM 1-8
2026-06-29 19:53:26,946 INFO o.a.j.t.JMeterThread: Thread started: Thread Group BM 1-9
2026-06-29 19:53:27,026 INFO o.a.j.t.JMeterThread: Thread started: Thread Group BM 1-10
2026-06-29 19:53:27,129 INFO o.a.j.t.JMeterThread: Thread started: Thread Group BM 1-11
2026-06-29 19:53:27,240 INFO o.a.j.t.JMeterThread: Thread started: Thread Group BM 1-12
2026-06-29 19:53:27,360 INFO o.a.j.t.JMeterThread: Thread started: Thread Group BM 1-13
2026-06-29 19:53:27,471 INFO o.a.j.t.JMeterThread: Thread started: Thread Group BM 1-14
2026-06-29 19:53:27,583 INFO o.a.j.t.JMeterThread: Thread started: Thread Group BM 1-15
2026-06-29 19:53:27,687 INFO o.a.j.t.JMeterThread: Thread started: Thread Group BM 1-16
2026-06-29 19:53:27,806 INFO o.a.j.t.JMeterThread: Thread started: Thread Group BM 1-17
2026-06-29 19:53:27,906 INFO o.a.j.t.JMeterThread: Thread started: Thread Group BM 1-18
2026-06-29 19:53:28,046 INFO o.a.j.t.JMeterThread: Thread started: Thread Group BM 1-19
2026-06-29 19:53:28,128 INFO o.a.j.t.JMeterThread: Thread started: Thread Group BM 1-20
2026-06-29 19:53:28,250 INFO o.a.j.t.JMeterThread: Thread started: Thread Group BM 1-21
2026-06-29 19:53:28,363 INFO o.a.j.t.JMeterThread: Thread started: Thread Group BM 1-22
2026-06-29 19:53:28,460 INFO o.a.j.t.JMeterThread: Thread started: Thread Group BM 1-23
2026-06-29 19:53:28,571 INFO o.a.j.t.JMeterThread: Thread started: Thread Group BM 1-24
2026-06-29 19:53:28,683 INFO o.a.j.t.JMeterThread: Thread started: Thread Group BM 1-25
2026-06-29 19:53:28,799 INFO o.a.j.t.JMeterThread: Thread started: Thread Group BM 1-26
2026-06-29 19:53:28,904 INFO o.a.j.t.JMeterThread: Thread started: Thread Group BM 1-27
2026-06-29 19:53:29,016 INFO o.a.j.t.JMeterThread: Thread started: Thread Group BM 1-28
2026-06-29 19:53:29,127 INFO o.a.j.t.JMeterThread: Thread started: Thread Group BM 1-29
2026-06-29 19:53:29,237 INFO o.a.j.t.JMeterThread: Thread started: Thread Group BM 1-30
2026-06-29 19:53:29,349 INFO o.a.j.t.JMeterThread: Thread started: Thread Group BM 1-31
2026-06-29 19:53:29,461 INFO o.a.j.t.JMeterThread: Thread started: Thread Group BM 1-32
2026-06-29 19:53:29,571 INFO o.a.j.t.JMeterThread: Thread started: Thread Group BM 1-33
2026-06-29 19:53:29,681 INFO o.a.j.t.JMeterThread: Thread started: Thread Group BM 1-34
2026-06-29 19:53:29,794 INFO o.a.j.t.JMeterThread: Thread started: Thread Group BM 1-35
2026-06-29 19:53:29,904 INFO o.a.j.t.JMeterThread: Thread started: Thread Group BM 1-36
2026-06-29 19:53:30,016 INFO o.a.j.t.JMeterThread: Thread started: Thread Group BM 1-37
2026-06-29 19:53:30,074 INFO o.a.j.r.Summariser: summary +     62 in 00:00:04 =   15.0/s Avg:   769 Min:   208 Max:  1744 Err:     0 (0.00%) Active: 37 Started: 37 Finished: 0
2026-06-29 19:53:30,125 INFO o.a.j.t.JMeterThread: Thread started: Thread Group BM 1-38
2026-06-29 19:53:30,236 INFO o.a.j.t.JMeterThread: Thread started: Thread Group BM 1-39
2026-06-29 19:53:30,349 INFO o.a.j.t.JMeterThread: Thread started: Thread Group BM 1-40
2026-06-29 19:53:30,459 INFO o.a.j.t.JMeterThread: Thread started: Thread Group BM 1-41
2026-06-29 19:53:30,570 INFO o.a.j.t.JMeterThread: Thread started: Thread Group BM 1-42
2026-06-29 19:53:30,681 INFO o.a.j.t.JMeterThread: Thread started: Thread Group BM 1-43
2026-06-29 19:53:30,793 INFO o.a.j.t.JMeterThread: Thread started: Thread Group BM 1-44
2026-06-29 19:53:30,904 INFO o.a.j.t.JMeterThread: Thread started: Thread Group BM 1-45
2026-06-29 19:53:31,013 INFO o.a.j.t.JMeterThread: Thread started: Thread Group BM 1-46
2026-06-29 19:53:31,131 INFO o.a.j.t.JMeterThread: Thread started: Thread Group BM 1-47
2026-06-29 19:53:31,235 INFO o.a.j.t.JMeterThread: Thread started: Thread Group BM 1-48
2026-06-29 19:53:31,347 INFO o.a.j.t.JMeterThread: Thread started: Thread Group BM 1-49
2026-06-29 19:53:31,458 INFO o.a.j.t.JMeterThread: Thread started: Thread Group BM 1-50
2026-06-29 19:53:31,571 INFO o.a.j.t.JMeterThread: Thread started: Thread Group BM 1-51
2026-06-29 19:53:31,680 INFO o.a.j.t.JMeterThread: Thread started: Thread Group BM 1-52
2026-06-29 19:53:31,790 INFO o.a.j.t.JMeterThread: Thread started: Thread Group BM 1-53
2026-06-29 19:53:31,902 INFO o.a.j.t.JMeterThread: Thread started: Thread Group BM 1-54
2026-06-29 19:53:32,014 INFO o.a.j.t.JMeterThread: Thread started: Thread Group BM 1-55
2026-06-29 19:53:32,123 INFO o.a.j.t.JMeterThread: Thread started: Thread Group BM 1-56
2026-06-29 19:53:32,234 INFO o.a.j.t.JMeterThread: Thread started: Thread Group BM 1-57
2026-06-29 19:53:32,345 INFO o.a.j.t.JMeterThread: Thread started: Thread Group BM 1-58
2026-06-29 19:53:32,458 INFO o.a.j.t.JMeterThread: Thread started: Thread Group BM 1-59
2026-06-29 19:53:32,567 INFO o.a.j.t.JMeterThread: Thread started: Thread Group BM 1-60
2026-06-29 19:53:32,679 INFO o.a.j.t.JMeterThread: Thread started: Thread Group BM 1-61
2026-06-29 19:53:32,790 INFO o.a.j.t.JMeterThread: Thread started: Thread Group BM 1-62
2026-06-29 19:53:32,900 INFO o.a.j.t.JMeterThread: Thread started: Thread Group BM 1-63
2026-06-29 19:53:33,011 INFO o.a.j.t.JMeterThread: Thread started: Thread Group BM 1-64
2026-06-29 19:53:33,123 INFO o.a.j.t.JMeterThread: Thread started: Thread Group BM 1-65
2026-06-29 19:53:33,234 INFO o.a.j.t.JMeterThread: Thread started: Thread Group BM 1-66
2026-06-29 19:53:33,345 INFO o.a.j.t.JMeterThread: Thread started: Thread Group BM 1-67
2026-06-29 19:53:33,456 INFO o.a.j.t.JMeterThread: Thread started: Thread Group BM 1-68
2026-06-29 19:53:33,567 INFO o.a.j.t.JMeterThread: Thread started: Thread Group BM 1-69
2026-06-29 19:53:33,678 INFO o.a.j.t.JMeterThread: Thread started: Thread Group BM 1-70
2026-06-29 19:53:33,789 INFO o.a.j.t.JMeterThread: Thread started: Thread Group BM 1-71
2026-06-29 19:53:33,899 INFO o.a.j.t.JMeterThread: Thread started: Thread Group BM 1-72
2026-06-29 19:53:34,009 INFO o.a.j.t.JMeterThread: Thread started: Thread Group BM 1-73
2026-06-29 19:53:34,122 INFO o.a.j.t.JMeterThread: Thread started: Thread Group BM 1-74
2026-06-29 19:53:34,237 INFO o.a.j.t.JMeterThread: Thread started: Thread Group BM 1-75
2026-06-29 19:53:34,344 INFO o.a.j.t.JMeterThread: Thread started: Thread Group BM 1-76
2026-06-29 19:53:34,455 INFO o.a.j.t.JMeterThread: Thread started: Thread Group BM 1-77
2026-06-29 19:53:34,567 INFO o.a.j.t.JMeterThread: Thread started: Thread Group BM 1-78
2026-06-29 19:53:34,678 INFO o.a.j.t.JMeterThread: Thread started: Thread Group BM 1-79
2026-06-29 19:53:34,787 INFO o.a.j.t.JMeterThread: Thread started: Thread Group BM 1-80
2026-06-29 19:53:34,899 INFO o.a.j.t.JMeterThread: Thread started: Thread Group BM 1-81
2026-06-29 19:53:35,011 INFO o.a.j.t.JMeterThread: Thread started: Thread Group BM 1-82
2026-06-29 19:53:35,121 INFO o.a.j.t.JMeterThread: Thread started: Thread Group BM 1-83
2026-06-29 19:53:35,240 INFO o.a.j.t.JMeterThread: Thread started: Thread Group BM 1-84
2026-06-29 19:53:35,343 INFO o.a.j.t.JMeterThread: Thread started: Thread Group BM 1-85
2026-06-29 19:53:35,455 INFO o.a.j.t.JMeterThread: Thread started: Thread Group BM 1-86
2026-06-29 19:53:35,566 INFO o.a.j.t.JMeterThread: Thread started: Thread Group BM 1-87
2026-06-29 19:53:35,678 INFO o.a.j.t.JMeterThread: Thread started: Thread Group BM 1-88
2026-06-29 19:53:35,786 INFO o.a.j.t.JMeterThread: Thread started: Thread Group BM 1-89
2026-06-29 19:53:35,899 INFO o.a.j.t.JMeterThread: Thread started: Thread Group BM 1-90
2026-06-29 19:54:00,058 INFO o.a.j.r.Summariser: summary +    636 in 00:00:30 =   21.2/s Avg:  3616 Min:   106 Max: 12014 Err:     0 (0.00%) Active: 90 Started: 90 Finished: 0
2026-06-29 19:54:00,059 INFO o.a.j.r.Summariser: summary =    698 in 00:00:34 =   20.5/s Avg:  3363 Min:   106 Max: 12014 Err:     0 (0.00%)
2026-06-29 19:54:11,164 INFO o.a.j.t.JMeterThread: Stopping because end time detected by thread: Thread Group BM 1-27
2026-06-29 19:54:11,164 INFO o.a.j.t.JMeterThread: Thread finished: Thread Group BM 1-27
2026-06-29 19:54:11,241 INFO o.a.j.t.JMeterThread: Stopping because end time detected by thread: Thread Group BM 1-57
2026-06-29 19:54:11,242 INFO o.a.j.t.JMeterThread: Thread finished: Thread Group BM 1-57
2026-06-29 19:54:11,284 INFO o.a.j.t.JMeterThread: Stopping because end time detected by thread: Thread Group BM 1-18
2026-06-29 19:54:11,287 INFO o.a.j.t.JMeterThread: Thread finished: Thread Group BM 1-18
2026-06-29 19:54:11,312 INFO o.a.j.t.JMeterThread: Stopping because end time detected by thread: Thread Group BM 1-42
2026-06-29 19:54:11,312 INFO o.a.j.t.JMeterThread: Thread finished: Thread Group BM 1-42
2026-06-29 19:54:11,322 INFO o.a.j.t.JMeterThread: Stopping because end time detected by thread: Thread Group BM 1-87
2026-06-29 19:54:11,322 INFO o.a.j.t.JMeterThread: Thread finished: Thread Group BM 1-87
2026-06-29 19:54:11,328 INFO o.a.j.t.JMeterThread: Stopping because end time detected by thread: Thread Group BM 1-54
2026-06-29 19:54:11,328 INFO o.a.j.t.JMeterThread: Thread finished: Thread Group BM 1-54
2026-06-29 19:54:11,391 INFO o.a.j.t.JMeterThread: Stopping because end time detected by thread: Thread Group BM 1-76
2026-06-29 19:54:11,392 INFO o.a.j.t.JMeterThread: Thread finished: Thread Group BM 1-76
2026-06-29 19:54:11,438 INFO o.a.j.t.JMeterThread: Stopping because end time detected by thread: Thread Group BM 1-77
2026-06-29 19:54:11,438 INFO o.a.j.t.JMeterThread: Thread finished: Thread Group BM 1-77
2026-06-29 19:54:11,445 INFO o.a.j.t.JMeterThread: Stopping because end time detected by thread: Thread Group BM 1-68
2026-06-29 19:54:11,450 INFO o.a.j.t.JMeterThread: Thread finished: Thread Group BM 1-68
2026-06-29 19:54:11,491 INFO o.a.j.t.JMeterThread: Stopping because end time detected by thread: Thread Group BM 1-35
2026-06-29 19:54:11,491 INFO o.a.j.t.JMeterThread: Thread finished: Thread Group BM 1-35
2026-06-29 19:54:11,534 INFO o.a.j.t.JMeterThread: Stopping because end time detected by thread: Thread Group BM 1-25
2026-06-29 19:54:11,535 INFO o.a.j.t.JMeterThread: Thread finished: Thread Group BM 1-25
2026-06-29 19:54:11,555 INFO o.a.j.t.JMeterThread: Stopping because end time detected by thread: Thread Group BM 1-71
2026-06-29 19:54:11,555 INFO o.a.j.t.JMeterThread: Thread finished: Thread Group BM 1-71
2026-06-29 19:54:11,567 INFO o.a.j.t.JMeterThread: Stopping because end time detected by thread: Thread Group BM 1-88
2026-06-29 19:54:11,567 INFO o.a.j.t.JMeterThread: Thread finished: Thread Group BM 1-88
2026-06-29 19:54:11,576 INFO o.a.j.t.JMeterThread: Stopping because end time detected by thread: Thread Group BM 1-19
2026-06-29 19:54:11,577 INFO o.a.j.t.JMeterThread: Thread finished: Thread Group BM 1-19
2026-06-29 19:54:11,603 INFO o.a.j.t.JMeterThread: Stopping because end time detected by thread: Thread Group BM 1-39
2026-06-29 19:54:11,604 INFO o.a.j.t.JMeterThread: Thread finished: Thread Group BM 1-39
2026-06-29 19:54:11,625 INFO o.a.j.t.JMeterThread: Stopping because end time detected by thread: Thread Group BM 1-59
2026-06-29 19:54:11,625 INFO o.a.j.t.JMeterThread: Thread finished: Thread Group BM 1-59
2026-06-29 19:54:11,637 INFO o.a.j.t.JMeterThread: Stopping because end time detected by thread: Thread Group BM 1-70
2026-06-29 19:54:11,638 INFO o.a.j.t.JMeterThread: Thread finished: Thread Group BM 1-70
2026-06-29 19:54:11,696 INFO o.a.j.t.JMeterThread: Stopping because end time detected by thread: Thread Group BM 1-31
2026-06-29 19:54:11,698 INFO o.a.j.t.JMeterThread: Thread finished: Thread Group BM 1-31
2026-06-29 19:54:11,739 INFO o.a.j.t.JMeterThread: Stopping because end time detected by thread: Thread Group BM 1-37
2026-06-29 19:54:11,740 INFO o.a.j.t.JMeterThread: Thread finished: Thread Group BM 1-37
2026-06-29 19:54:11,772 INFO o.a.j.t.JMeterThread: Stopping because end time detected by thread: Thread Group BM 1-75
2026-06-29 19:54:11,773 INFO o.a.j.t.JMeterThread: Thread finished: Thread Group BM 1-75
2026-06-29 19:54:11,779 INFO o.a.j.t.JMeterThread: Stopping because end time detected by thread: Thread Group BM 1-90
2026-06-29 19:54:11,780 INFO o.a.j.t.JMeterThread: Thread finished: Thread Group BM 1-90
2026-06-29 19:54:11,790 INFO o.a.j.t.JMeterThread: Stopping because end time detected by thread: Thread Group BM 1-79
2026-06-29 19:54:11,794 INFO o.a.j.t.JMeterThread: Thread finished: Thread Group BM 1-79
2026-06-29 19:54:11,825 INFO o.a.j.t.JMeterThread: Stopping because end time detected by thread: Thread Group BM 1-46
2026-06-29 19:54:11,826 INFO o.a.j.t.JMeterThread: Thread finished: Thread Group BM 1-46
2026-06-29 19:54:11,826 INFO o.a.j.t.JMeterThread: Stopping because end time detected by thread: Thread Group BM 1-28
2026-06-29 19:54:11,827 INFO o.a.j.t.JMeterThread: Thread finished: Thread Group BM 1-28
2026-06-29 19:54:11,847 INFO o.a.j.t.JMeterThread: Stopping because end time detected by thread: Thread Group BM 1-21
2026-06-29 19:54:11,847 INFO o.a.j.t.JMeterThread: Thread finished: Thread Group BM 1-21
2026-06-29 19:54:11,854 INFO o.a.j.t.JMeterThread: Stopping because end time detected by thread: Thread Group BM 1-23
2026-06-29 19:54:11,854 INFO o.a.j.t.JMeterThread: Thread finished: Thread Group BM 1-23
2026-06-29 19:54:11,917 INFO o.a.j.t.JMeterThread: Stopping because end time detected by thread: Thread Group BM 1-29
2026-06-29 19:54:11,918 INFO o.a.j.t.JMeterThread: Thread finished: Thread Group BM 1-29
2026-06-29 19:54:11,922 INFO o.a.j.t.JMeterThread: Stopping because end time detected by thread: Thread Group BM 1-52
2026-06-29 19:54:11,922 INFO o.a.j.t.JMeterThread: Thread finished: Thread Group BM 1-52
2026-06-29 19:54:11,930 INFO o.a.j.t.JMeterThread: Stopping because end time detected by thread: Thread Group BM 1-43
2026-06-29 19:54:11,931 INFO o.a.j.t.JMeterThread: Thread finished: Thread Group BM 1-43
2026-06-29 19:54:11,976 INFO o.a.j.t.JMeterThread: Stopping because end time detected by thread: Thread Group BM 1-69
2026-06-29 19:54:11,976 INFO o.a.j.t.JMeterThread: Thread finished: Thread Group BM 1-69
2026-06-29 19:54:12,030 INFO o.a.j.t.JMeterThread: Stopping because end time detected by thread: Thread Group BM 1-61
2026-06-29 19:54:12,031 INFO o.a.j.t.JMeterThread: Thread finished: Thread Group BM 1-61
2026-06-29 19:54:12,082 INFO o.a.j.t.JMeterThread: Stopping because end time detected by thread: Thread Group BM 1-36
2026-06-29 19:54:12,083 INFO o.a.j.t.JMeterThread: Thread finished: Thread Group BM 1-36
2026-06-29 19:54:12,162 INFO o.a.j.t.JMeterThread: Stopping because end time detected by thread: Thread Group BM 1-15
2026-06-29 19:54:12,162 INFO o.a.j.t.JMeterThread: Thread finished: Thread Group BM 1-15
2026-06-29 19:54:12,224 INFO o.a.j.t.JMeterThread: Stopping because end time detected by thread: Thread Group BM 1-81
2026-06-29 19:54:12,224 INFO o.a.j.t.JMeterThread: Thread finished: Thread Group BM 1-81
2026-06-29 19:54:12,267 INFO o.a.j.t.JMeterThread: Stopping because end time detected by thread: Thread Group BM 1-14
2026-06-29 19:54:12,267 INFO o.a.j.t.JMeterThread: Thread finished: Thread Group BM 1-14
2026-06-29 19:54:12,301 INFO o.a.j.t.JMeterThread: Stopping because end time detected by thread: Thread Group BM 1-26
2026-06-29 19:54:12,301 INFO o.a.j.t.JMeterThread: Thread finished: Thread Group BM 1-26
2026-06-29 19:54:12,307 INFO o.a.j.t.JMeterThread: Stopping because end time detected by thread: Thread Group BM 1-49
2026-06-29 19:54:12,308 INFO o.a.j.t.JMeterThread: Thread finished: Thread Group BM 1-49
2026-06-29 19:54:12,318 INFO o.a.j.t.JMeterThread: Stopping because end time detected by thread: Thread Group BM 1-60
2026-06-29 19:54:12,318 INFO o.a.j.t.JMeterThread: Thread finished: Thread Group BM 1-60
2026-06-29 19:54:12,335 INFO o.a.j.t.JMeterThread: Stopping because end time detected by thread: Thread Group BM 1-1
2026-06-29 19:54:12,339 INFO o.a.j.t.JMeterThread: Thread finished: Thread Group BM 1-1
2026-06-29 19:54:12,383 INFO o.a.j.t.JMeterThread: Stopping because end time detected by thread: Thread Group BM 1-2
2026-06-29 19:54:12,383 INFO o.a.j.t.JMeterThread: Thread finished: Thread Group BM 1-2
2026-06-29 19:54:12,416 INFO o.a.j.t.JMeterThread: Stopping because end time detected by thread: Thread Group BM 1-30
2026-06-29 19:54:12,417 INFO o.a.j.t.JMeterThread: Thread finished: Thread Group BM 1-30
2026-06-29 19:54:12,434 INFO o.a.j.t.JMeterThread: Stopping because end time detected by thread: Thread Group BM 1-84
2026-06-29 19:54:12,435 INFO o.a.j.t.JMeterThread: Thread finished: Thread Group BM 1-84
2026-06-29 19:54:12,436 INFO o.a.j.t.JMeterThread: Stopping because end time detected by thread: Thread Group BM 1-67
2026-06-29 19:54:12,436 INFO o.a.j.t.JMeterThread: Thread finished: Thread Group BM 1-67
2026-06-29 19:54:12,450 INFO o.a.j.t.JMeterThread: Stopping because end time detected by thread: Thread Group BM 1-50
2026-06-29 19:54:12,451 INFO o.a.j.t.JMeterThread: Thread finished: Thread Group BM 1-50
2026-06-29 19:54:12,462 INFO o.a.j.t.JMeterThread: Stopping because end time detected by thread: Thread Group BM 1-80
2026-06-29 19:54:12,462 INFO o.a.j.t.JMeterThread: Thread finished: Thread Group BM 1-80
2026-06-29 19:54:12,480 INFO o.a.j.t.JMeterThread: Stopping because end time detected by thread: Thread Group BM 1-9
2026-06-29 19:54:12,481 INFO o.a.j.t.JMeterThread: Thread finished: Thread Group BM 1-9
2026-06-29 19:54:12,538 INFO o.a.j.t.JMeterThread: Stopping because end time detected by thread: Thread Group BM 1-33
2026-06-29 19:54:12,539 INFO o.a.j.t.JMeterThread: Thread finished: Thread Group BM 1-33
2026-06-29 19:54:12,546 INFO o.a.j.t.JMeterThread: Stopping because end time detected by thread: Thread Group BM 1-66
2026-06-29 19:54:12,547 INFO o.a.j.t.JMeterThread: Thread finished: Thread Group BM 1-66
2026-06-29 19:54:12,627 INFO o.a.j.t.JMeterThread: Stopping because end time detected by thread: Thread Group BM 1-10
2026-06-29 19:54:12,627 INFO o.a.j.t.JMeterThread: Thread finished: Thread Group BM 1-10
2026-06-29 19:54:12,638 INFO o.a.j.t.JMeterThread: Stopping because end time detected by thread: Thread Group BM 1-53
2026-06-29 19:54:12,639 INFO o.a.j.t.JMeterThread: Thread finished: Thread Group BM 1-53
2026-06-29 19:54:12,676 INFO o.a.j.t.JMeterThread: Stopping because end time detected by thread: Thread Group BM 1-55
2026-06-29 19:54:12,676 INFO o.a.j.t.JMeterThread: Thread finished: Thread Group BM 1-55
2026-06-29 19:54:12,731 INFO o.a.j.t.JMeterThread: Stopping because end time detected by thread: Thread Group BM 1-48
2026-06-29 19:54:12,731 INFO o.a.j.t.JMeterThread: Thread finished: Thread Group BM 1-48
2026-06-29 19:54:12,747 INFO o.a.j.t.JMeterThread: Stopping because end time detected by thread: Thread Group BM 1-74
2026-06-29 19:54:12,748 INFO o.a.j.t.JMeterThread: Thread finished: Thread Group BM 1-74
2026-06-29 19:54:12,767 INFO o.a.j.t.JMeterThread: Stopping because end time detected by thread: Thread Group BM 1-20
2026-06-29 19:54:12,768 INFO o.a.j.t.JMeterThread: Stopping because end time detected by thread: Thread Group BM 1-13
2026-06-29 19:54:12,768 INFO o.a.j.t.JMeterThread: Thread finished: Thread Group BM 1-13
2026-06-29 19:54:12,767 INFO o.a.j.t.JMeterThread: Thread finished: Thread Group BM 1-20
2026-06-29 19:54:12,778 INFO o.a.j.t.JMeterThread: Stopping because end time detected by thread: Thread Group BM 1-6
2026-06-29 19:54:12,778 INFO o.a.j.t.JMeterThread: Thread finished: Thread Group BM 1-6
2026-06-29 19:54:12,828 INFO o.a.j.t.JMeterThread: Stopping because end time detected by thread: Thread Group BM 1-17
2026-06-29 19:54:12,829 INFO o.a.j.t.JMeterThread: Thread finished: Thread Group BM 1-17
2026-06-29 19:54:12,850 INFO o.a.j.t.JMeterThread: Stopping because end time detected by thread: Thread Group BM 1-64
2026-06-29 19:54:12,851 INFO o.a.j.t.JMeterThread: Thread finished: Thread Group BM 1-64
2026-06-29 19:54:12,888 INFO o.a.j.t.JMeterThread: Stopping because end time detected by thread: Thread Group BM 1-62
2026-06-29 19:54:12,888 INFO o.a.j.t.JMeterThread: Thread finished: Thread Group BM 1-62
2026-06-29 19:54:12,940 INFO o.a.j.t.JMeterThread: Stopping because end time detected by thread: Thread Group BM 1-58
2026-06-29 19:54:12,940 INFO o.a.j.t.JMeterThread: Stopping because end time detected by thread: Thread Group BM 1-78
2026-06-29 19:54:12,941 INFO o.a.j.t.JMeterThread: Thread finished: Thread Group BM 1-78
2026-06-29 19:54:12,941 INFO o.a.j.t.JMeterThread: Thread finished: Thread Group BM 1-58
2026-06-29 19:54:12,944 INFO o.a.j.t.JMeterThread: Stopping because end time detected by thread: Thread Group BM 1-47
2026-06-29 19:54:12,944 INFO o.a.j.t.JMeterThread: Thread finished: Thread Group BM 1-47
2026-06-29 19:54:13,008 INFO o.a.j.t.JMeterThread: Stopping because end time detected by thread: Thread Group BM 1-51
2026-06-29 19:54:13,009 INFO o.a.j.t.JMeterThread: Thread finished: Thread Group BM 1-51
2026-06-29 19:54:13,025 INFO o.a.j.t.JMeterThread: Stopping because end time detected by thread: Thread Group BM 1-73
2026-06-29 19:54:13,026 INFO o.a.j.t.JMeterThread: Thread finished: Thread Group BM 1-73
2026-06-29 19:54:13,069 INFO o.a.j.t.JMeterThread: Stopping because end time detected by thread: Thread Group BM 1-56
2026-06-29 19:54:13,069 INFO o.a.j.t.JMeterThread: Thread finished: Thread Group BM 1-56
2026-06-29 19:54:13,099 INFO o.a.j.t.JMeterThread: Stopping because end time detected by thread: Thread Group BM 1-45
2026-06-29 19:54:13,099 INFO o.a.j.t.JMeterThread: Thread finished: Thread Group BM 1-45
2026-06-29 19:54:13,109 INFO o.a.j.t.JMeterThread: Stopping because end time detected by thread: Thread Group BM 1-4
2026-06-29 19:54:13,109 INFO o.a.j.t.JMeterThread: Thread finished: Thread Group BM 1-4
2026-06-29 19:54:13,110 INFO o.a.j.t.JMeterThread: Stopping because end time detected by thread: Thread Group BM 1-41
2026-06-29 19:54:13,110 INFO o.a.j.t.JMeterThread: Thread finished: Thread Group BM 1-41
2026-06-29 19:54:13,118 INFO o.a.j.t.JMeterThread: Stopping because end time detected by thread: Thread Group BM 1-12
2026-06-29 19:54:13,118 INFO o.a.j.t.JMeterThread: Thread finished: Thread Group BM 1-12
2026-06-29 19:54:13,139 INFO o.a.j.t.JMeterThread: Stopping because end time detected by thread: Thread Group BM 1-11
2026-06-29 19:54:13,139 INFO o.a.j.t.JMeterThread: Thread finished: Thread Group BM 1-11
2026-06-29 19:54:13,154 INFO o.a.j.t.JMeterThread: Stopping because end time detected by thread: Thread Group BM 1-65
2026-06-29 19:54:13,155 INFO o.a.j.t.JMeterThread: Thread finished: Thread Group BM 1-65
2026-06-29 19:54:13,169 INFO o.a.j.t.JMeterThread: Stopping because end time detected by thread: Thread Group BM 1-8
2026-06-29 19:54:13,170 INFO o.a.j.t.JMeterThread: Thread finished: Thread Group BM 1-8
2026-06-29 19:54:13,175 INFO o.a.j.t.JMeterThread: Stopping because end time detected by thread: Thread Group BM 1-86
2026-06-29 19:54:13,176 INFO o.a.j.t.JMeterThread: Thread finished: Thread Group BM 1-86
2026-06-29 19:54:13,176 INFO o.a.j.t.JMeterThread: Stopping because end time detected by thread: Thread Group BM 1-34
2026-06-29 19:54:13,176 INFO o.a.j.t.JMeterThread: Thread finished: Thread Group BM 1-34
2026-06-29 19:54:13,200 INFO o.a.j.t.JMeterThread: Stopping because end time detected by thread: Thread Group BM 1-44
2026-06-29 19:54:13,201 INFO o.a.j.t.JMeterThread: Thread finished: Thread Group BM 1-44
2026-06-29 19:54:13,260 INFO o.a.j.t.JMeterThread: Stopping because end time detected by thread: Thread Group BM 1-82
2026-06-29 19:54:13,261 INFO o.a.j.t.JMeterThread: Thread finished: Thread Group BM 1-82
2026-06-29 19:54:13,274 INFO o.a.j.t.JMeterThread: Stopping because end time detected by thread: Thread Group BM 1-85
2026-06-29 19:54:13,275 INFO o.a.j.t.JMeterThread: Thread finished: Thread Group BM 1-85
2026-06-29 19:54:13,284 INFO o.a.j.t.JMeterThread: Stopping because end time detected by thread: Thread Group BM 1-24
2026-06-29 19:54:13,284 INFO o.a.j.t.JMeterThread: Thread finished: Thread Group BM 1-24
2026-06-29 19:54:13,302 INFO o.a.j.t.JMeterThread: Stopping because end time detected by thread: Thread Group BM 1-7
2026-06-29 19:54:13,303 INFO o.a.j.t.JMeterThread: Thread finished: Thread Group BM 1-7
2026-06-29 19:54:13,319 INFO o.a.j.t.JMeterThread: Stopping because end time detected by thread: Thread Group BM 1-63
2026-06-29 19:54:13,320 INFO o.a.j.t.JMeterThread: Thread finished: Thread Group BM 1-63
2026-06-29 19:54:13,321 INFO o.a.j.t.JMeterThread: Stopping because end time detected by thread: Thread Group BM 1-32
2026-06-29 19:54:13,322 INFO o.a.j.t.JMeterThread: Thread finished: Thread Group BM 1-32
2026-06-29 19:54:13,325 INFO o.a.j.t.JMeterThread: Stopping because end time detected by thread: Thread Group BM 1-16
2026-06-29 19:54:13,325 INFO o.a.j.t.JMeterThread: Thread finished: Thread Group BM 1-16
2026-06-29 19:54:13,332 INFO o.a.j.t.JMeterThread: Stopping because end time detected by thread: Thread Group BM 1-72
2026-06-29 19:54:13,338 INFO o.a.j.t.JMeterThread: Thread finished: Thread Group BM 1-72
2026-06-29 19:54:13,374 INFO o.a.j.t.JMeterThread: Stopping because end time detected by thread: Thread Group BM 1-89
2026-06-29 19:54:13,375 INFO o.a.j.t.JMeterThread: Thread finished: Thread Group BM 1-89
2026-06-29 19:54:13,375 INFO o.a.j.t.JMeterThread: Stopping because end time detected by thread: Thread Group BM 1-5
2026-06-29 19:54:13,375 INFO o.a.j.t.JMeterThread: Thread finished: Thread Group BM 1-5
2026-06-29 19:54:13,388 INFO o.a.j.t.JMeterThread: Stopping because end time detected by thread: Thread Group BM 1-22
2026-06-29 19:54:13,389 INFO o.a.j.t.JMeterThread: Thread finished: Thread Group BM 1-22
2026-06-29 19:54:13,394 INFO o.a.j.t.JMeterThread: Stopping because end time detected by thread: Thread Group BM 1-40
2026-06-29 19:54:13,395 INFO o.a.j.t.JMeterThread: Stopping because end time detected by thread: Thread Group BM 1-3
2026-06-29 19:54:13,395 INFO o.a.j.t.JMeterThread: Thread finished: Thread Group BM 1-3
2026-06-29 19:54:13,396 INFO o.a.j.t.JMeterThread: Thread finished: Thread Group BM 1-40
2026-06-29 19:54:13,398 INFO o.a.j.t.JMeterThread: Stopping because end time detected by thread: Thread Group BM 1-38
2026-06-29 19:54:13,398 INFO o.a.j.t.JMeterThread: Thread finished: Thread Group BM 1-38
2026-06-29 19:54:13,416 INFO o.a.j.t.JMeterThread: Stopping because end time detected by thread: Thread Group BM 1-83
2026-06-29 19:54:13,416 INFO o.a.j.t.JMeterThread: Thread finished: Thread Group BM 1-83
2026-06-29 19:54:13,417 INFO o.a.j.e.StandardJMeterEngine: Notifying test listeners of end of test
2026-06-29 19:54:13,418 INFO o.a.j.r.Summariser: summary +    347 in 00:00:13 =   26.0/s Avg:  3982 Min:   313 Max: 11324 Err:     0 (0.00%) Active: 0 Started: 90 Finished: 90
2026-06-29 19:54:13,418 INFO o.a.j.r.Summariser: summary =   1045 in 00:00:47 =   22.0/s Avg:  3569 Min:   106 Max: 12014 Err:     0 (0.00%)
